platforms/android/build/outputs/logs/manifest-merger-release-report.txt
-- Merging decision tree log ---
manifest
ADDED from platforms/android/AndroidManifest.xml:2:1-33:12
	android:hardwareAccelerated
		ADDED from platforms/android/AndroidManifest.xml:2:11-45
	xmlns:android
		ADDED from platforms/android/AndroidManifest.xml:2:135-193
	package
		ADDED from platforms/android/AndroidManifest.xml:2:102-134
		INJECTED from platforms/android/AndroidManifest.xml
		INJECTED from platforms/android/AndroidManifest.xml
	android:versionName
		ADDED from platforms/android/AndroidManifest.xml:2:74-101
		INJECTED from platforms/android/AndroidManifest.xml
		INJECTED from platforms/android/AndroidManifest.xml
	android:versionCode
		ADDED from platforms/android/AndroidManifest.xml:2:46-73
		INJECTED from platforms/android/AndroidManifest.xml
		INJECTED from platforms/android/AndroidManifest.xml
supports-screens
ADDED from platforms/android/AndroidManifest.xml:3:5-191
	android:resizeable
		ADDED from platforms/android/AndroidManifest.xml:3:106-131
	android:largeScreens
		ADDED from platforms/android/AndroidManifest.xml:3:49-76
	android:anyDensity
		ADDED from platforms/android/AndroidManifest.xml:3:23-48
	android:normalScreens
		ADDED from platforms/android/AndroidManifest.xml:3:77-105
	android:xlargeScreens
		ADDED from platforms/android/AndroidManifest.xml:3:160-188
	android:smallScreens
		ADDED from platforms/android/AndroidManifest.xml:3:132-159
application
ADDED from platforms/android/AndroidManifest.xml:4:5-17:19
MERGED from [:wikitudesdk:] AndroidManifest.xml:11:5-15:19
	android:allowBackup
		ADDED from [:wikitudesdk:] AndroidManifest.xml:12:9-35
	android:supportsRtl
		ADDED from platforms/android/AndroidManifest.xml:4:116-142
	android:label
		ADDED from platforms/android/AndroidManifest.xml:4:83-115
	android:icon
		ADDED from platforms/android/AndroidManifest.xml:4:53-82
	android:hardwareAccelerated
		ADDED from platforms/android/AndroidManifest.xml:4:18-52
activity#com.danielleklaasen.ar.MainActivity
ADDED from platforms/android/AndroidManifest.xml:5:9-10:20
	android:windowSoftInputMode
		ADDED from platforms/android/AndroidManifest.xml:5:257-299
	android:label
		ADDED from platforms/android/AndroidManifest.xml:5:97-134
	android:configChanges
		ADDED from platforms/android/AndroidManifest.xml:5:19-96
	android:theme
		ADDED from platforms/android/AndroidManifest.xml:5:194-256
	android:name
		ADDED from platforms/android/AndroidManifest.xml:5:166-193
	android:launchMode
		ADDED from platforms/android/AndroidManifest.xml:5:135-165
intent-filter#android.intent.action.MAIN+android.intent.category.LAUNCHER
ADDED from platforms/android/AndroidManifest.xml:6:13-9:29
	android:label
		ADDED from platforms/android/AndroidManifest.xml:6:28-65
action#android.intent.action.MAIN
ADDED from platforms/android/AndroidManifest.xml:7:17-69
	android:name
		ADDED from platforms/android/AndroidManifest.xml:7:25-66
category#android.intent.category.LAUNCHER
ADDED from platforms/android/AndroidManifest.xml:8:17-77
	android:name
		ADDED from platforms/android/AndroidManifest.xml:8:27-74
activity#com.wikitude.tools.activities.MediaPlayerActivity
ADDED from platforms/android/AndroidManifest.xml:11:9-16:20
	android:screenOrientation
		ADDED from platforms/android/AndroidManifest.xml:11:84-121
	android:name
		ADDED from platforms/android/AndroidManifest.xml:11:19-83
intent-filter#android.intent.action.VIEW+android.intent.category.DEFAULT
ADDED from platforms/android/AndroidManifest.xml:12:13-15:29
action#android.intent.action.VIEW
ADDED from platforms/android/AndroidManifest.xml:13:17-69
	android:name
		ADDED from platforms/android/AndroidManifest.xml:13:25-66
category#android.intent.category.DEFAULT
ADDED from platforms/android/AndroidManifest.xml:14:17-76
	android:name
		ADDED from platforms/android/AndroidManifest.xml:14:27-73
uses-sdk
ADDED from platforms/android/AndroidManifest.xml:18:5-74
MERGED from [:wikitudesdk:] AndroidManifest.xml:7:5-9:41
MERGED from [android:CordovaLib:unspecified:release] AndroidManifest.xml:25:5-44
	android:targetSdkVersion
		ADDED from platforms/android/AndroidManifest.xml:18:42-71
	android:minSdkVersion
		ADDED from platforms/android/AndroidManifest.xml:18:15-41
uses-permission#android.permission.INTERNET
ADDED from platforms/android/AndroidManifest.xml:19:5-67
	android:name
		ADDED from platforms/android/AndroidManifest.xml:19:22-64
uses-permission#android.permission.ACCESS_COARSE_LOCATION
ADDED from platforms/android/AndroidManifest.xml:20:5-81
	android:name
		ADDED from platforms/android/AndroidManifest.xml:20:22-78
uses-permission#android.permission.ACCESS_FINE_LOCATION
ADDED from platforms/android/AndroidManifest.xml:21:5-79
	android:name
		ADDED from platforms/android/AndroidManifest.xml:21:22-76
uses-permission#android.permission.ACCESS_LOCATION_EXTRA_COMMANDS
ADDED from platforms/android/AndroidManifest.xml:22:5-89
	android:name
		ADDED from platforms/android/AndroidManifest.xml:22:22-86
uses-permission#android.permission.ACCESS_NETWORK_STATE
ADDED from platforms/android/AndroidManifest.xml:23:5-79
	android:name
		ADDED from platforms/android/AndroidManifest.xml:23:22-76
uses-permission#android.permission.ACCESS_WIFI_STATE
ADDED from platforms/android/AndroidManifest.xml:24:5-76
	android:name
		ADDED from platforms/android/AndroidManifest.xml:24:22-73
uses-permission#android.permission.ACCESS_GPS
ADDED from platforms/android/AndroidManifest.xml:25:5-69
	android:name
		ADDED from platforms/android/AndroidManifest.xml:25:22-66
uses-permission#android.permission.CAMERA
ADDED from platforms/android/AndroidManifest.xml:26:5-65
	android:name
		ADDED from platforms/android/AndroidManifest.xml:26:22-62
uses-permission#android.permission.WRITE_EXTERNAL_STORAGE
ADDED from platforms/android/AndroidManifest.xml:27:5-81
	android:name
		ADDED from platforms/android/AndroidManifest.xml:27:22-78
uses-feature#0x00020000
ADDED from platforms/android/AndroidManifest.xml:28:5-78
	android:required
		ADDED from platforms/android/AndroidManifest.xml:28:52-75
	android:glEsVersion
		ADDED from platforms/android/AndroidManifest.xml:28:19-51
uses-feature#android.hardware.camera
ADDED from platforms/android/AndroidManifest.xml:29:5-84
	android:required
		ADDED from platforms/android/AndroidManifest.xml:29:58-81
	android:name
		ADDED from platforms/android/AndroidManifest.xml:29:19-57
uses-feature#android.hardware.location
ADDED from platforms/android/AndroidManifest.xml:30:5-86
	android:required
		ADDED from platforms/android/AndroidManifest.xml:30:60-83
	android:name
		ADDED from platforms/android/AndroidManifest.xml:30:19-59
uses-feature#android.hardware.sensor.accelerometer
ADDED from platforms/android/AndroidManifest.xml:31:5-98
	android:required
		ADDED from platforms/android/AndroidManifest.xml:31:72-95
	android:name
		ADDED from platforms/android/AndroidManifest.xml:31:19-71
uses-feature#android.hardware.sensor.compass
ADDED from platforms/android/AndroidManifest.xml:32:5-92
	android:required
		ADDED from platforms/android/AndroidManifest.xml:32:66-89
	android:name
		ADDED from platforms/android/AndroidManifest.xml:32:19-65
activity#com.wikitude.architect.BrowserActivity
ADDED from [:wikitudesdk:] AndroidManifest.xml:14:9-75
	android:name
		ADDED from [:wikitudesdk:] AndroidManifest.xml:14:19-72